<?xml version="1.0" encoding="UTF-8"?>
<testng-results ignored="0" total="1" passed="1" failed="0" skipped="0">
  <reporter-output>
    <line>
      <![CDATA[OpenBrowser]]>
    </line>
    <line>
      <![CDATA[OpenBrowser]]>
    </line>
    <line>
      <![CDATA[login]]>
    </line>
    <line>
      <![CDATA[Sheet: CreateCustomer | Row: 1 | Cell: 4]]>
    </line>
    <line>
      <![CDATA[Sheet: CreateCustomer | Row: 1 | Cell: 5]]>
    </line>
    <line>
      <![CDATA[HDFC_001]]>
    </line>
    <line>
      <![CDATA[Banking Project]]>
    </line>
    <line>
      <![CDATA[LogOut]]>
    </line>
    <line>
      <![CDATA[closeBrowser]]>
    </line>
  </reporter-output>
  <suite started-at="2026-04-04T09:49:08 IST" name="Default suite" finished-at="2026-04-04T09:49:19 IST" duration-ms="10669">
    <groups>
    </groups>
    <test started-at="2026-04-04T09:49:08 IST" name="Default test" finished-at="2026-04-04T09:49:19 IST" duration-ms="10669">
      <class name="com.actitime.testscript.CustomerModule">
        <test-method is-config="true" signature="OpenBrowser()[pri:0, instance:com.actitime.testscript.CustomerModule@305b7c14]" started-at="2026-04-04T09:49:08 IST" name="OpenBrowser" finished-at="2026-04-04T09:49:11 IST" duration-ms="2480" status="PASS">
          <reporter-output>
            <line>
              <![CDATA[OpenBrowser]]>
            </line>
            <line>
              <![CDATA[OpenBrowser]]>
            </line>
          </reporter-output>
        </test-method> <!-- OpenBrowser -->
        <test-method is-config="true" signature="login()[pri:0, instance:com.actitime.testscript.CustomerModule@305b7c14]" started-at="2026-04-04T09:49:11 IST" name="login" finished-at="2026-04-04T09:49:12 IST" duration-ms="1069" status="PASS">
          <reporter-output>
            <line>
              <![CDATA[login]]>
            </line>
          </reporter-output>
        </test-method> <!-- login -->
        <test-method signature="testCreateCustomer()[pri:0, instance:com.actitime.testscript.CustomerModule@305b7c14]" started-at="2026-04-04T09:49:12 IST" name="testCreateCustomer" finished-at="2026-04-04T09:49:17 IST" duration-ms="4867" status="PASS">
          <reporter-output>
            <line>
              <![CDATA[Sheet: CreateCustomer | Row: 1 | Cell: 4]]>
            </line>
            <line>
              <![CDATA[Sheet: CreateCustomer | Row: 1 | Cell: 5]]>
            </line>
            <line>
              <![CDATA[HDFC_001]]>
            </line>
            <line>
              <![CDATA[Banking Project]]>
            </line>
          </reporter-output>
        </test-method> <!-- testCreateCustomer -->
        <test-method is-config="true" signature="logOut()[pri:0, instance:com.actitime.testscript.CustomerModule@305b7c14]" started-at="2026-04-04T09:49:17 IST" name="logOut" finished-at="2026-04-04T09:49:18 IST" duration-ms="1838" status="PASS">
          <reporter-output>
            <line>
              <![CDATA[LogOut]]>
            </line>
          </reporter-output>
        </test-method> <!-- logOut -->
        <test-method is-config="true" signature="closeBrowser()[pri:0, instance:com.actitime.testscript.CustomerModule@305b7c14]" started-at="2026-04-04T09:49:18 IST" name="closeBrowser" finished-at="2026-04-04T09:49:19 IST" duration-ms="228" status="PASS">
          <reporter-output>
            <line>
              <![CDATA[closeBrowser]]>
            </line>
          </reporter-output>
        </test-method> <!-- closeBrowser -->
      </class> <!-- com.actitime.testscript.CustomerModule -->
    </test> <!-- Default test -->
  </suite> <!-- Default suite -->
</testng-results>
