<?xml version="1.0" encoding="UTF-8"?>
<!-- Generated by org.testng.reporters.JUnitReportReporter -->
<testsuite hostname="Nidhi" failures="0" tests="1" name="com.actitime.testscript.HomePage" time="3.507" errors="0" timestamp="2026-03-28T17:56:05 IST" skipped="0">
  <testcase classname="com.actitime.testscript.HomePage" name="ViewHomePage" time="3.507">
    <system-out>
      <![CDATA[Home Page]]>
    </system-out>
  </testcase> <!-- ViewHomePage -->
  <system-out>
    <![CDATA[OpenBrowser
OpenBrowser
login
Home Page
LogOut
closeBrowser]]>
  </system-out>
</testsuite> <!-- com.actitime.testscript.HomePage -->
