<?xml version="1.0" encoding="UTF-8"?>
<!-- Generated by org.testng.reporters.JUnitReportReporter -->
<testsuite hostname="Nidhi" failures="0" tests="1" name="com.actitime.testscript.CustomerModule" time="7.774" errors="0" timestamp="2026-04-04T09:49:19 IST" skipped="0">
  <testcase classname="com.actitime.testscript.CustomerModule" name="testCreateCustomer" time="7.774">
    <system-out>
      <![CDATA[Sheet: CreateCustomer | Row: 1 | Cell: 4
Sheet: CreateCustomer | Row: 1 | Cell: 5
HDFC_001
Banking Project]]>
    </system-out>
  </testcase> <!-- testCreateCustomer -->
  <system-out>
    <![CDATA[OpenBrowser
OpenBrowser
login
Sheet: CreateCustomer | Row: 1 | Cell: 4
Sheet: CreateCustomer | Row: 1 | Cell: 5
HDFC_001
Banking Project
LogOut
closeBrowser]]>
  </system-out>
</testsuite> <!-- com.actitime.testscript.CustomerModule -->
